<?xml version="1.0" encoding="UTF-8"?>
<!-- Generated by org.testng.reporters.JUnitReportReporter -->
<testsuite skipped="0" hostname="ATMECSINLT-407" name="com.atmecs.log4j.phpclass.phpclass" tests="1" failures="0" timestamp="2020-10-08T15:48:26 IST" time="49.273" errors="0">
  <testcase name="runphptravels" time="49.273" classname="com.atmecs.log4j.phpclass.phpclass"/>
</testsuite> <!-- com.atmecs.log4j.phpclass.phpclass -->
